...found 9 targets...
...updating 4 targets...
gcc.compile.c++ libs/config/checks/architecture/bin/gcc-7/debug/32.o
libs/config/checks/architecture/32.cpp:9:36: error: size of array ‘test’ is negative
 int test[sizeof(void*) == 4? 1 : -1];
                                    ^

    "g++"   -fPIC -O0 -fno-inline -Wall -g     -c -o "libs/config/checks/architecture/bin/gcc-7/debug/32.o" "libs/config/checks/architecture/32.cpp"

...failed gcc.compile.c++ libs/config/checks/architecture/bin/gcc-7/debug/32.o...
...failed updating 1 target...
...updated 3 targets...
...found 2 targets...
...updating 1 target...
gcc.compile.c++ libs/config/checks/architecture/bin/gcc-7/debug/64.o
...updated 1 target...
...found 2 targets...
...updating 1 target...
gcc.compile.c++ libs/config/checks/architecture/bin/gcc-7/debug/arm.o
libs/config/checks/architecture/arm.cpp:13:2: error: #error "Not ARM"
 #error "Not ARM"
  ^~~~~

    "g++"   -fPIC -O0 -fno-inline -Wall -g     -c -o "libs/config/checks/architecture/bin/gcc-7/debug/arm.o" "libs/config/checks/architecture/arm.cpp"

...failed gcc.compile.c++ libs/config/checks/architecture/bin/gcc-7/debug/arm.o...
...failed updating 1 target...
...found 2 targets...
...updating 1 target...
gcc.compile.c++ libs/config/checks/architecture/bin/gcc-7/debug/mips1.o
libs/config/checks/architecture/mips1.cpp:10:2: error: #error "Not MIPS1"
 #error "Not MIPS1"
  ^~~~~

    "g++"   -fPIC -O0 -fno-inline -Wall -g     -c -o "libs/config/checks/architecture/bin/gcc-7/debug/mips1.o" "libs/config/checks/architecture/mips1.cpp"

...failed gcc.compile.c++ libs/config/checks/architecture/bin/gcc-7/debug/mips1.o...
...failed updating 1 target...
...found 2 targets...
...updating 1 target...
gcc.compile.c++ libs/config/checks/architecture/bin/gcc-7/debug/power.o
libs/config/checks/architecture/power.cpp:13:2: error: #error "Not PPC"
 #error "Not PPC"
  ^~~~~

    "g++"   -fPIC -O0 -fno-inline -Wall -g     -c -o "libs/config/checks/architecture/bin/gcc-7/debug/power.o" "libs/config/checks/architecture/power.cpp"

...failed gcc.compile.c++ libs/config/checks/architecture/bin/gcc-7/debug/power.o...
...failed updating 1 target...
...found 2 targets...
...updating 1 target...
gcc.compile.c++ libs/config/checks/architecture/bin/gcc-7/debug/riscv.o
libs/config/checks/architecture/riscv.cpp:9:2: error: #error "Not RISC-V"
 #error "Not RISC-V"
  ^~~~~

    "g++"   -fPIC -O0 -fno-inline -Wall -g     -c -o "libs/config/checks/architecture/bin/gcc-7/debug/riscv.o" "libs/config/checks/architecture/riscv.cpp"

...failed gcc.compile.c++ libs/config/checks/architecture/bin/gcc-7/debug/riscv.o...
...failed updating 1 target...
...found 2 targets...
...updating 1 target...
gcc.compile.c++ libs/config/checks/architecture/bin/gcc-7/debug/s390x.o
libs/config/checks/architecture/s390x.cpp:10:2: error: #error "Not S390x"
 #error "Not S390x"
  ^~~~~

    "g++"   -fPIC -O0 -fno-inline -Wall -g     -c -o "libs/config/checks/architecture/bin/gcc-7/debug/s390x.o" "libs/config/checks/architecture/s390x.cpp"

...failed gcc.compile.c++ libs/config/checks/architecture/bin/gcc-7/debug/s390x.o...
...failed updating 1 target...
...found 2 targets...
...updating 1 target...
gcc.compile.c++ libs/config/checks/architecture/bin/gcc-7/debug/sparc.o
libs/config/checks/architecture/sparc.cpp:10:2: error: #error "Not SPARC"
 #error "Not SPARC"
  ^~~~~

    "g++"   -fPIC -O0 -fno-inline -Wall -g     -c -o "libs/config/checks/architecture/bin/gcc-7/debug/sparc.o" "libs/config/checks/architecture/sparc.cpp"

...failed gcc.compile.c++ libs/config/checks/architecture/bin/gcc-7/debug/sparc.o...
...failed updating 1 target...
...found 2 targets...
...updating 1 target...
gcc.compile.c++ libs/config/checks/architecture/bin/gcc-7/debug/x86.o
...updated 1 target...
...found 108 targets...
...updating 9 targets...
gcc.compile.c++ bin.v2/libs/context/build/gcc-7/debug/threading-multi/visibility-hidden/cxx11_hdr_mutex_check.o
...updated 9 targets...
...patience...
...found 134 targets...
...updating 8 targets...
gcc.compile.c++ bin.v2/libs/thread/build/gcc-7/debug/threading-multi/visibility-hidden/has_atomic_flag_lockfree_test.o
gcc.link bin.v2/libs/thread/build/gcc-7/debug/threading-multi/visibility-hidden/has_atomic_flag_lockfree
...updated 8 targets...
...found 8 targets...
...updating 7 targets...
gcc.compile.c++ bin.v2/libs/config/checks/gcc-7/debug/threading-multi/visibility-hidden/cxx11_auto_declarations.o
...updated 7 targets...
...found 1 target...
...updating 1 target...
gcc.compile.c++ bin.v2/libs/config/checks/gcc-7/debug/threading-multi/visibility-hidden/cxx11_constexpr.o
...updated 1 target...
...found 1 target...
...updating 1 target...
gcc.compile.c++ bin.v2/libs/config/checks/gcc-7/debug/threading-multi/visibility-hidden/cxx11_defaulted_functions.o
...updated 1 target...
...found 1 target...
...updating 1 target...
gcc.compile.c++ bin.v2/libs/config/checks/gcc-7/debug/threading-multi/visibility-hidden/cxx11_final.o
...updated 1 target...
...found 1 target...
...updating 1 target...
gcc.compile.c++ bin.v2/libs/config/checks/gcc-7/debug/threading-multi/visibility-hidden/cxx11_hdr_mutex.o
...updated 1 target...
...found 1 target...
...updating 1 target...
gcc.compile.c++ bin.v2/libs/config/checks/gcc-7/debug/threading-multi/visibility-hidden/cxx11_hdr_tuple.o
...updated 1 target...
...found 1 target...
...updating 1 target...
gcc.compile.c++ bin.v2/libs/config/checks/gcc-7/debug/threading-multi/visibility-hidden/cxx11_lambdas.o
...updated 1 target...
...found 1 target...
...updating 1 target...
gcc.compile.c++ bin.v2/libs/config/checks/gcc-7/debug/threading-multi/visibility-hidden/cxx11_noexcept.o
...updated 1 target...
...found 1 target...
...updating 1 target...
gcc.compile.c++ bin.v2/libs/config/checks/gcc-7/debug/threading-multi/visibility-hidden/cxx11_nullptr.o
...updated 1 target...
...found 1 target...
...updating 1 target...
gcc.compile.c++ bin.v2/libs/config/checks/gcc-7/debug/threading-multi/visibility-hidden/cxx11_rvalue_references.o
...updated 1 target...
...found 1 target...
...updating 1 target...
gcc.compile.c++ bin.v2/libs/config/checks/gcc-7/debug/threading-multi/visibility-hidden/cxx11_template_aliases.o
...updated 1 target...
...found 1 target...
...updating 1 target...
gcc.compile.c++ bin.v2/libs/config/checks/gcc-7/debug/threading-multi/visibility-hidden/cxx11_thread_local.o
...updated 1 target...
...found 1 target...
...updating 1 target...
gcc.compile.c++ bin.v2/libs/config/checks/gcc-7/debug/threading-multi/visibility-hidden/cxx11_variadic_templates.o
...updated 1 target...
...found 25 targets...
...updating 9 targets...
gcc.compile.c++ bin.v2/libs/regex/build/gcc-7/debug/threading-multi/visibility-hidden/has_icu_test.o
libs/regex/build/has_icu_test.cpp:12:10: fatal error: unicode/uversion.h: No such file or directory
 #include <unicode/uversion.h>
          ^~~~~~~~~~~~~~~~~~~~
compilation terminated.

    "g++"   -fvisibility-inlines-hidden -fPIC -m64 -pthread -O0 -fno-inline -Wall -g -fvisibility=hidden  -DBOOST_ALL_NO_LIB=1 -DBOOST_HAS_ICU=1  -I"." -c -o "bin.v2/libs/regex/build/gcc-7/debug/threading-multi/visibility-hidden/has_icu_test.o" "libs/regex/build/has_icu_test.cpp"

...failed gcc.compile.c++ bin.v2/libs/regex/build/gcc-7/debug/threading-multi/visibility-hidden/has_icu_test.o...
...skipped <pbin.v2/libs/regex/build/gcc-7/debug/threading-multi/visibility-hidden>has_icu for lack of <pbin.v2/libs/regex/build/gcc-7/debug/threading-multi/visibility-hidden>has_icu_test.o...
...skipped <pbin.v2/libs/regex/build/gcc-7/debug/threading-multi/visibility-hidden>has_icu.passed for lack of <pbin.v2/libs/regex/build/gcc-7/debug/threading-multi/visibility-hidden>has_icu...
...failed updating 1 target...
...skipped 2 targets...
...updated 6 targets...
...found 10 targets...
...updating 8 targets...
gcc.compile.c++ bin.v2/standalone/ac/gcc-7/release/threading-multi/visibility-hidden/zlib_h.o
...updated 8 targets...
...found 5 targets...
...updating 3 targets...
gcc.compile.c++ bin.v2/standalone/ac/gcc-7/release/threading-multi/visibility-hidden/main-z.o
gcc.link bin.v2/standalone/ac/gcc-7/release/threading-multi/visibility-hidden/z
...updated 3 targets...
...found 4 targets...
...updating 2 targets...
gcc.compile.c++ bin.v2/standalone/ac/gcc-7/release/threading-multi/visibility-hidden/bzlib_h.o
...updated 2 targets...
...found 5 targets...
...updating 3 targets...
gcc.compile.c++ bin.v2/standalone/ac/gcc-7/release/threading-multi/visibility-hidden/main-bz2.o
gcc.link bin.v2/standalone/ac/gcc-7/release/threading-multi/visibility-hidden/bz2
...updated 3 targets...
...found 4 targets...
...updating 2 targets...
gcc.compile.c++ bin.v2/standalone/ac/gcc-7/release/threading-multi/visibility-hidden/lzma_h.o
...updated 2 targets...
...found 5 targets...
...updating 3 targets...
gcc.compile.c++ bin.v2/standalone/ac/gcc-7/release/threading-multi/visibility-hidden/main-lzma.o
gcc.link bin.v2/standalone/ac/gcc-7/release/threading-multi/visibility-hidden/lzma
...updated 3 targets...
...found 4 targets...
...updating 2 targets...
gcc.compile.c++ bin.v2/standalone/ac/gcc-7/release/threading-multi/visibility-hidden/zstd_h.o
...updated 2 targets...
...found 5 targets...
...updating 3 targets...
gcc.compile.c++ bin.v2/standalone/ac/gcc-7/release/threading-multi/visibility-hidden/main-zstd.o
gcc.link bin.v2/standalone/ac/gcc-7/release/threading-multi/visibility-hidden/zstd
...updated 3 targets...
...found 10 targets...
...updating 8 targets...
gcc.compile.c++ bin.v2/libs/iostreams/build/gcc-7/debug/threading-multi/visibility-hidden/has_lzma_cputhreads.o
gcc.link bin.v2/libs/iostreams/build/gcc-7/debug/threading-multi/visibility-hidden/has_lzma_cputhreads
...updated 8 targets...
...found 10 targets...
...updating 8 targets...
gcc.compile.c++ bin.v2/libs/locale/build/gcc-7/debug/threading-multi/visibility-hidden/has_iconv_libc_obj.o
gcc.link bin.v2/libs/locale/build/gcc-7/debug/threading-multi/visibility-hidden/has_iconv
...updated 8 targets...
...found 4 targets...
...updating 2 targets...
gcc.compile.c++ bin.v2/libs/locale/build/gcc-7/debug/threading-multi/visibility-hidden/has_icu_obj.o
libs/locale/src/../build/has_icu_test.cpp:12:10: fatal error: unicode/uversion.h: No such file or directory
 #include <unicode/uversion.h>
          ^~~~~~~~~~~~~~~~~~~~
compilation terminated.

    "g++"   -fvisibility-inlines-hidden -fPIC -m64 -pthread -O0 -fno-inline -Wall -g -fvisibility=hidden  -DBOOST_ALL_NO_LIB=1  -I"." -c -o "bin.v2/libs/locale/build/gcc-7/debug/threading-multi/visibility-hidden/has_icu_obj.o" "libs/locale/src/../build/has_icu_test.cpp"

...failed gcc.compile.c++ bin.v2/libs/locale/build/gcc-7/debug/threading-multi/visibility-hidden/has_icu_obj.o...
...skipped <pbin.v2/libs/locale/build/gcc-7/debug/threading-multi/visibility-hidden>has_icu for lack of <pbin.v2/libs/locale/build/gcc-7/debug/threading-multi/visibility-hidden>has_icu_obj.o...
...failed updating 1 target...
...skipped 1 target...
...found 2 targets...
...updating 2 targets...
gcc.compile.c++ bin.v2/libs/locale/build/gcc-7/debug/threading-multi/visibility-hidden/has_icu64_obj.o
libs/locale/src/../build/has_icu_test.cpp:12:10: fatal error: unicode/uversion.h: No such file or directory
 #include <unicode/uversion.h>
          ^~~~~~~~~~~~~~~~~~~~
compilation terminated.

    "g++"   -fvisibility-inlines-hidden -fPIC -m64 -pthread -O0 -fno-inline -Wall -g -fvisibility=hidden  -DBOOST_ALL_NO_LIB=1  -I"." -c -o "bin.v2/libs/locale/build/gcc-7/debug/threading-multi/visibility-hidden/has_icu64_obj.o" "libs/locale/src/../build/has_icu_test.cpp"

...failed gcc.compile.c++ bin.v2/libs/locale/build/gcc-7/debug/threading-multi/visibility-hidden/has_icu64_obj.o...
...skipped <pbin.v2/libs/locale/build/gcc-7/debug/threading-multi/visibility-hidden>has_icu64 for lack of <pbin.v2/libs/locale/build/gcc-7/debug/threading-multi/visibility-hidden>has_icu64_obj.o...
...failed updating 1 target...
...skipped 1 target...
...found 11 targets...
...updating 9 targets...
gcc.compile.c++ bin.v2/libs/log/config/atomic-int32/gcc-7/debug/pch-off/threading-multi/visibility-hidden/atomic_int32.o
...updated 9 targets...
...found 9 targets...
...updating 7 targets...
gcc.compile.c++ bin.v2/libs/log/config/native-syslog/gcc-7/debug/pch-off/threading-multi/visibility-hidden/native_syslog.o
...updated 7 targets...
...found 8 targets...
...updating 7 targets...
gcc.compile.c++ bin.v2/libs/log/config/pthread-mutex-robust/gcc-7/debug/pch-off/threading-multi/visibility-hidden/pthread_mutex_robust.o
...updated 7 targets...
...found 9 targets...
...updating 7 targets...
gcc.compile.c++ bin.v2/libs/log/config/x86-ext/gcc-7/debug/pch-off/threading-multi/visibility-hidden/ssse3.o
...updated 7 targets...
...found 3 targets...
...updating 1 target...
gcc.compile.c++ bin.v2/libs/log/config/x86-ext/gcc-7/debug/pch-off/threading-multi/visibility-hidden/avx2.o
...updated 1 target...
...found 8 targets...
...updating 7 targets...
gcc.compile.c++ bin.v2/libs/math/config/gcc-7/debug/threading-multi/visibility-hidden/has_gcc_visibility.o
...updated 7 targets...
...found 21 targets...
...updating 1 target...
gcc.compile.c++ bin.v2/libs/math/config/gcc-7/debug/threading-multi/visibility-hidden/has_long_double_support.o
...updated 1 target...
...found 12 targets...
...updating 9 targets...
gcc.compile.c++ bin.v2/libs/stacktrace/build/gcc-7/debug/threading-multi/visibility-hidden/has_backtrace.o
gcc.link bin.v2/libs/stacktrace/build/gcc-7/debug/threading-multi/visibility-hidden/libbacktrace_exe
Jamfile</home/iangneal/workspace/nvm-file-indexing/api/p-hot/boost_1_73_0/libs/stacktrace/build>.mp_simple_run_action bin.v2/libs/stacktrace/build/gcc-7/debug/threading-multi/visibility-hidden/libbacktrace.output
...updated 9 targets...
...found 5 targets...
...updating 3 targets...
gcc.compile.c++ bin.v2/libs/stacktrace/build/gcc-7/debug/threading-multi/visibility-hidden/has_addr2line.o
gcc.link bin.v2/libs/stacktrace/build/gcc-7/debug/threading-multi/visibility-hidden/addr2line_exe
Jamfile</home/iangneal/workspace/nvm-file-indexing/api/p-hot/boost_1_73_0/libs/stacktrace/build>.mp_simple_run_action bin.v2/libs/stacktrace/build/gcc-7/debug/threading-multi/visibility-hidden/addr2line.output
...updated 3 targets...
...found 6 targets...
...updating 3 targets...
gcc.compile.c++ bin.v2/libs/stacktrace/build/gcc-7/debug/threading-multi/visibility-hidden/has_windbg.o
libs/stacktrace/build/has_windbg.cpp:8:10: fatal error: windows.h: No such file or directory
 #include <windows.h>
          ^~~~~~~~~~~
compilation terminated.

    "g++"   -fvisibility-inlines-hidden -fPIC -m64 -pthread -O0 -fno-inline -Wall -g -fvisibility=hidden  -DBOOST_ALL_NO_LIB=1  -I"." -c -o "bin.v2/libs/stacktrace/build/gcc-7/debug/threading-multi/visibility-hidden/has_windbg.o" "libs/stacktrace/build/has_windbg.cpp"

...failed gcc.compile.c++ bin.v2/libs/stacktrace/build/gcc-7/debug/threading-multi/visibility-hidden/has_windbg.o...
...skipped <pbin.v2/libs/stacktrace/build/gcc-7/debug/threading-multi/visibility-hidden>WinDbg_exe for lack of <pbin.v2/libs/stacktrace/build/gcc-7/debug/threading-multi/visibility-hidden>has_windbg.o...
...skipped <pbin.v2/libs/stacktrace/build/gcc-7/debug/threading-multi/visibility-hidden>WinDbg.output for lack of <pbin.v2/libs/stacktrace/build/gcc-7/debug/threading-multi/visibility-hidden>WinDbg_exe...
...failed updating 1 target...
...skipped 2 targets...
...found 4 targets...
...updating 3 targets...
gcc.compile.c++ bin.v2/libs/stacktrace/build/gcc-7/debug/threading-multi/visibility-hidden/has_windbg_cached.o
libs/stacktrace/build/has_windbg_cached.cpp:11:10: fatal error: windows.h: No such file or directory
 #include <windows.h>
          ^~~~~~~~~~~
compilation terminated.

    "g++"   -fvisibility-inlines-hidden -fPIC -m64 -pthread -O0 -fno-inline -Wall -g -fvisibility=hidden  -DBOOST_ALL_NO_LIB=1  -I"." -c -o "bin.v2/libs/stacktrace/build/gcc-7/debug/threading-multi/visibility-hidden/has_windbg_cached.o" "libs/stacktrace/build/has_windbg_cached.cpp"

...failed gcc.compile.c++ bin.v2/libs/stacktrace/build/gcc-7/debug/threading-multi/visibility-hidden/has_windbg_cached.o...
...skipped <pbin.v2/libs/stacktrace/build/gcc-7/debug/threading-multi/visibility-hidden>WinDbgCached_exe for lack of <pbin.v2/libs/stacktrace/build/gcc-7/debug/threading-multi/visibility-hidden>has_windbg_cached.o...
...skipped <pbin.v2/libs/stacktrace/build/gcc-7/debug/threading-multi/visibility-hidden>WinDbgCached.output for lack of <pbin.v2/libs/stacktrace/build/gcc-7/debug/threading-multi/visibility-hidden>WinDbgCached_exe...
...failed updating 1 target...
...skipped 2 targets...
...found 165 targets...
...updating 7 targets...
gcc.compile.c++ bin.v2/check/predef/gcc-7/debug/address-model-64/architecture-x86/predef_check_cc_09a06289f4560e2f553bb0cbbec71436.o
...updated 7 targets...
...found 4 targets...
...updating 4 targets...
gcc.compile.c++ bin.v2/standalone/ac/gcc-7/release/link-static/threading-multi/visibility-hidden/zlib_h.o
...updated 4 targets...
...found 2 targets...
...updating 2 targets...
gcc.compile.c++ bin.v2/standalone/ac/gcc-7/release/link-static/threading-multi/visibility-hidden/main-z.o
gcc.link bin.v2/standalone/ac/gcc-7/release/link-static/threading-multi/visibility-hidden/z
...updated 2 targets...
...found 1 target...
...updating 1 target...
gcc.compile.c++ bin.v2/standalone/ac/gcc-7/release/link-static/threading-multi/visibility-hidden/bzlib_h.o
...updated 1 target...
...found 2 targets...
...updating 2 targets...
gcc.compile.c++ bin.v2/standalone/ac/gcc-7/release/link-static/threading-multi/visibility-hidden/main-bz2.o
gcc.link bin.v2/standalone/ac/gcc-7/release/link-static/threading-multi/visibility-hidden/bz2
...updated 2 targets...
...found 1 target...
...updating 1 target...
gcc.compile.c++ bin.v2/standalone/ac/gcc-7/release/link-static/threading-multi/visibility-hidden/lzma_h.o
...updated 1 target...
...found 2 targets...
...updating 2 targets...
gcc.compile.c++ bin.v2/standalone/ac/gcc-7/release/link-static/threading-multi/visibility-hidden/main-lzma.o
gcc.link bin.v2/standalone/ac/gcc-7/release/link-static/threading-multi/visibility-hidden/lzma
...updated 2 targets...
...found 1 target...
...updating 1 target...
gcc.compile.c++ bin.v2/standalone/ac/gcc-7/release/link-static/threading-multi/visibility-hidden/zstd_h.o
...updated 1 target...
...found 2 targets...
...updating 2 targets...
gcc.compile.c++ bin.v2/standalone/ac/gcc-7/release/link-static/threading-multi/visibility-hidden/main-zstd.o
gcc.link bin.v2/standalone/ac/gcc-7/release/link-static/threading-multi/visibility-hidden/zstd
...updated 2 targets...
...found 1 target...
...updating 1 target...
config-cache.write bin.v2/project-cache.jam
...updated 1 target...
